CRITICAL - 2023-03-08 17:24:43 --> Undefined variable: rule
in APPPATH\Controllers\Api.php on line 48.
 1 APPPATH\Controllers\Api.php(48): CodeIgniter\Debug\Exceptions->errorHandler(8, 'Undefined variable: rule', 'APPPATH\\Controllers\\Api.php', 48, [...])
 2 SYSTEMPATH\CodeIgniter.php(934): App\Controllers\Api->show('b3e9eb20890b9296a5753e4052560c173dcab937a890bb35ff84439194a2626f')
 3 SYSTEMPATH\CodeIgniter.php(499): CodeIgniter\CodeIgniter->runController(Object(App\Controllers\Api))
 4 SYSTEMPATH\CodeIgniter.php(368): CodeIgniter\CodeIgniter->handleRequest(null, Object(Config\Cache), false)
 5 FCPATH\index.php(67): CodeIgniter\CodeIgniter->run()
CRITICAL - 2023-03-08 17:24:51 --> "future_date" is not a valid rule.
in SYSTEMPATH\Validation\Validation.php on line 320.
 1 SYSTEMPATH\Validation\Validation.php(320): CodeIgniter\Validation\Exceptions\ValidationException::forRuleNotFound('future_date')
 2 SYSTEMPATH\Validation\Validation.php(170): CodeIgniter\Validation\Validation->processRules('expiresAt', 'expiresAt', null, [...], [...])
 3 SYSTEMPATH\Controller.php(155): CodeIgniter\Validation\Validation->run([...], null, null)
 4 APPPATH\Controllers\Api.php(48): CodeIgniter\Controller->validateData([...], [...])
 5 SYSTEMPATH\CodeIgniter.php(934): App\Controllers\Api->show('b3e9eb20890b9296a5753e4052560c173dcab937a890bb35ff84439194a2626f')
 6 SYSTEMPATH\CodeIgniter.php(499): CodeIgniter\CodeIgniter->runController(Object(App\Controllers\Api))
 7 SYSTEMPATH\CodeIgniter.php(368): CodeIgniter\CodeIgniter->handleRequest(null, Object(Config\Cache), false)
 8 FCPATH\index.php(67): CodeIgniter\CodeIgniter->run()
CRITICAL - 2023-03-08 17:33:31 --> Class 'CustomRules' not found
in SYSTEMPATH\Validation\Validation.php on line 596.
 1 SYSTEMPATH\Validation\Validation.php(117): CodeIgniter\Validation\Validation->loadRuleSets()
 2 SYSTEMPATH\Controller.php(155): CodeIgniter\Validation\Validation->run([...], null, null)
 3 APPPATH\Controllers\Api.php(48): CodeIgniter\Controller->validateData([...], [...])
 4 SYSTEMPATH\CodeIgniter.php(934): App\Controllers\Api->show('b3e9eb20890b9296a5753e4052560c173dcab937a890bb35ff84439194a2626f')
 5 SYSTEMPATH\CodeIgniter.php(499): CodeIgniter\CodeIgniter->runController(Object(App\Controllers\Api))
 6 SYSTEMPATH\CodeIgniter.php(368): CodeIgniter\CodeIgniter->handleRequest(null, Object(Config\Cache), false)
 7 FCPATH\index.php(67): CodeIgniter\CodeIgniter->run()
CRITICAL - 2023-03-08 17:33:44 --> Class 'Config\CustomRules' not found
in SYSTEMPATH\Validation\Validation.php on line 596.
 1 SYSTEMPATH\Validation\Validation.php(117): CodeIgniter\Validation\Validation->loadRuleSets()
 2 SYSTEMPATH\Controller.php(155): CodeIgniter\Validation\Validation->run([...], null, null)
 3 APPPATH\Controllers\Api.php(48): CodeIgniter\Controller->validateData([...], [...])
 4 SYSTEMPATH\CodeIgniter.php(934): App\Controllers\Api->show('b3e9eb20890b9296a5753e4052560c173dcab937a890bb35ff84439194a2626f')
 5 SYSTEMPATH\CodeIgniter.php(499): CodeIgniter\CodeIgniter->runController(Object(App\Controllers\Api))
 6 SYSTEMPATH\CodeIgniter.php(368): CodeIgniter\CodeIgniter->handleRequest(null, Object(Config\Cache), false)
 7 FCPATH\index.php(67): CodeIgniter\CodeIgniter->run()
CRITICAL - 2023-03-08 17:34:06 --> Class 'App\Validation\CustomRules' not found
in SYSTEMPATH\Validation\Validation.php on line 596.
 1 SYSTEMPATH\Validation\Validation.php(117): CodeIgniter\Validation\Validation->loadRuleSets()
 2 SYSTEMPATH\Controller.php(155): CodeIgniter\Validation\Validation->run([...], null, null)
 3 APPPATH\Controllers\Api.php(48): CodeIgniter\Controller->validateData([...], [...])
 4 SYSTEMPATH\CodeIgniter.php(934): App\Controllers\Api->show('b3e9eb20890b9296a5753e4052560c173dcab937a890bb35ff84439194a2626f')
 5 SYSTEMPATH\CodeIgniter.php(499): CodeIgniter\CodeIgniter->runController(Object(App\Controllers\Api))
 6 SYSTEMPATH\CodeIgniter.php(368): CodeIgniter\CodeIgniter->handleRequest(null, Object(Config\Cache), false)
 7 FCPATH\index.php(67): CodeIgniter\CodeIgniter->run()
CRITICAL - 2023-03-08 17:47:06 --> Call to undefined method App\Models\CreateModel::updateHash
in SYSTEMPATH\Model.php on line 842.
 1 APPPATH\Controllers\Api.php(52): CodeIgniter\Model->__call('updateHash', [...])
 2 SYSTEMPATH\CodeIgniter.php(934): App\Controllers\Api->show('cae892eada7ee1242f8ab0f71be8933089c76cf6c50d88911d260e4210b72347')
 3 SYSTEMPATH\CodeIgniter.php(499): CodeIgniter\CodeIgniter->runController(Object(App\Controllers\Api))
 4 SYSTEMPATH\CodeIgniter.php(368): CodeIgniter\CodeIgniter->handleRequest(null, Object(Config\Cache), false)
 5 FCPATH\index.php(67): CodeIgniter\CodeIgniter->run()
CRITICAL - 2023-03-08 18:57:52 --> "App\Format\Customformat" is not a valid Formatter class.
in SYSTEMPATH\Format\Format.php on line 67.
 1 SYSTEMPATH\Format\Format.php(67): CodeIgniter\Format\Exceptions\FormatException::forInvalidFormatter('App\\Format\\Customformat')
 2 SYSTEMPATH\API\ResponseTrait.php(337): CodeIgniter\Format\Format->getFormatter('application/xml')
 3 SYSTEMPATH\API\ResponseTrait.php(99): App\Controllers\Api->format([...])
 4 APPPATH\Controllers\Api.php(54): App\Controllers\Api->respond([...], 200)
 5 SYSTEMPATH\CodeIgniter.php(934): App\Controllers\Api->show('66a585d74b88a4b0d7896ae9c170f0cc66aea47995effdd2e91621672bcba34e')
 6 SYSTEMPATH\CodeIgniter.php(499): CodeIgniter\CodeIgniter->runController(Object(App\Controllers\Api))
 7 SYSTEMPATH\CodeIgniter.php(368): CodeIgniter\CodeIgniter->handleRequest(null, Object(Config\Cache), false)
 8 FCPATH\index.php(67): CodeIgniter\CodeIgniter->run()
CRITICAL - 2023-03-08 18:58:15 --> "App\Format\Customformat" is not a valid Formatter class.
in SYSTEMPATH\Format\Format.php on line 67.
 1 SYSTEMPATH\Format\Format.php(67): CodeIgniter\Format\Exceptions\FormatException::forInvalidFormatter('App\\Format\\Customformat')
 2 SYSTEMPATH\API\ResponseTrait.php(337): CodeIgniter\Format\Format->getFormatter('application/xml')
 3 SYSTEMPATH\API\ResponseTrait.php(99): App\Controllers\Api->format([...])
 4 APPPATH\Controllers\Api.php(54): App\Controllers\Api->respond([...], 200)
 5 SYSTEMPATH\CodeIgniter.php(934): App\Controllers\Api->show('66a585d74b88a4b0d7896ae9c170f0cc66aea47995effdd2e91621672bcba34e')
 6 SYSTEMPATH\CodeIgniter.php(499): CodeIgniter\CodeIgniter->runController(Object(App\Controllers\Api))
 7 SYSTEMPATH\CodeIgniter.php(368): CodeIgniter\CodeIgniter->handleRequest(null, Object(Config\Cache), false)
 8 FCPATH\index.php(67): CodeIgniter\CodeIgniter->run()
CRITICAL - 2023-03-08 19:01:55 --> "App\Format\Customformat" is not a valid Formatter class.
in SYSTEMPATH\Format\Format.php on line 61.
 1 SYSTEMPATH\Format\Format.php(61): CodeIgniter\Format\Exceptions\FormatException::forInvalidFormatter('App\\Format\\Customformat')
 2 SYSTEMPATH\API\ResponseTrait.php(337): CodeIgniter\Format\Format->getFormatter('application/xml')
 3 SYSTEMPATH\API\ResponseTrait.php(99): App\Controllers\Api->format([...])
 4 APPPATH\Controllers\Api.php(54): App\Controllers\Api->respond([...], 200)
 5 SYSTEMPATH\CodeIgniter.php(934): App\Controllers\Api->show('66a585d74b88a4b0d7896ae9c170f0cc66aea47995effdd2e91621672bcba34e')
 6 SYSTEMPATH\CodeIgniter.php(499): CodeIgniter\CodeIgniter->runController(Object(App\Controllers\Api))
 7 SYSTEMPATH\CodeIgniter.php(368): CodeIgniter\CodeIgniter->handleRequest(null, Object(Config\Cache), false)
 8 FCPATH\index.php(67): CodeIgniter\CodeIgniter->run()
CRITICAL - 2023-03-08 19:04:11 --> "App\Format\CustomXML" is not a valid Formatter class.
in SYSTEMPATH\Format\Format.php on line 67.
 1 SYSTEMPATH\Format\Format.php(67): CodeIgniter\Format\Exceptions\FormatException::forInvalidFormatter('App\\Format\\CustomXML')
 2 SYSTEMPATH\API\ResponseTrait.php(337): CodeIgniter\Format\Format->getFormatter('application/xml')
 3 SYSTEMPATH\API\ResponseTrait.php(99): App\Controllers\Api->format([...])
 4 APPPATH\Controllers\Api.php(54): App\Controllers\Api->respond([...], 200)
 5 SYSTEMPATH\CodeIgniter.php(934): App\Controllers\Api->show('66a585d74b88a4b0d7896ae9c170f0cc66aea47995effdd2e91621672bcba34e')
 6 SYSTEMPATH\CodeIgniter.php(499): CodeIgniter\CodeIgniter->runController(Object(App\Controllers\Api))
 7 SYSTEMPATH\CodeIgniter.php(368): CodeIgniter\CodeIgniter->handleRequest(null, Object(Config\Cache), false)
 8 FCPATH\index.php(67): CodeIgniter\CodeIgniter->run()
CRITICAL - 2023-03-08 19:06:50 --> "App\Format\CustomXML" is not a valid Formatter class.
in SYSTEMPATH\Format\Format.php on line 67.
 1 SYSTEMPATH\Format\Format.php(67): CodeIgniter\Format\Exceptions\FormatException::forInvalidFormatter('App\\Format\\CustomXML')
 2 SYSTEMPATH\API\ResponseTrait.php(337): CodeIgniter\Format\Format->getFormatter('application/xml')
 3 SYSTEMPATH\API\ResponseTrait.php(99): App\Controllers\Api->format([...])
 4 SYSTEMPATH\API\ResponseTrait.php(136): App\Controllers\Api->respond([...], 405, 'ROOTPATH\\public')
 5 APPPATH\Controllers\Api.php(48): App\Controllers\Api->fail([...], 405)
 6 SYSTEMPATH\CodeIgniter.php(934): App\Controllers\Api->show('66a585d74b88a4b0d7896ae9c170f0cc66aea47995effdd2e91621672bcba34e')
 7 SYSTEMPATH\CodeIgniter.php(499): CodeIgniter\CodeIgniter->runController(Object(App\Controllers\Api))
 8 SYSTEMPATH\CodeIgniter.php(368): CodeIgniter\CodeIgniter->handleRequest(null, Object(Config\Cache), false)
 9 FCPATH\index.php(67): CodeIgniter\CodeIgniter->run()
CRITICAL - 2023-03-08 19:13:59 --> "App\Format\CustomXML" is not a valid Formatter class.
in SYSTEMPATH\Format\Format.php on line 67.
 1 SYSTEMPATH\Format\Format.php(67): CodeIgniter\Format\Exceptions\FormatException::forInvalidFormatter('App\\Format\\CustomXML')
 2 SYSTEMPATH\API\ResponseTrait.php(337): CodeIgniter\Format\Format->getFormatter('application/xml')
 3 SYSTEMPATH\API\ResponseTrait.php(99): App\Controllers\Api->format([...])
 4 SYSTEMPATH\API\ResponseTrait.php(136): App\Controllers\Api->respond([...], 405, 'ROOTPATH\\public')
 5 APPPATH\Controllers\Api.php(48): App\Controllers\Api->fail([...], 405)
 6 SYSTEMPATH\CodeIgniter.php(934): App\Controllers\Api->show('66a585d74b88a4b0d7896ae9c170f0cc66aea47995effdd2e91621672bcba34e')
 7 SYSTEMPATH\CodeIgniter.php(499): CodeIgniter\CodeIgniter->runController(Object(App\Controllers\Api))
 8 SYSTEMPATH\CodeIgniter.php(368): CodeIgniter\CodeIgniter->handleRequest(null, Object(Config\Cache), false)
 9 FCPATH\index.php(67): CodeIgniter\CodeIgniter->run()
CRITICAL - 2023-03-08 19:15:54 --> "App\Format\CustomXML" is not a valid Formatter class.
in SYSTEMPATH\Format\Format.php on line 61.
 1 SYSTEMPATH\Format\Format.php(61): CodeIgniter\Format\Exceptions\FormatException::forInvalidFormatter('App\\Format\\CustomXML')
 2 SYSTEMPATH\API\ResponseTrait.php(337): CodeIgniter\Format\Format->getFormatter('application/xml')
 3 SYSTEMPATH\API\ResponseTrait.php(99): App\Controllers\Api->format([...])
 4 SYSTEMPATH\API\ResponseTrait.php(136): App\Controllers\Api->respond([...], 405, 'ROOTPATH\\public')
 5 APPPATH\Controllers\Api.php(48): App\Controllers\Api->fail([...], 405)
 6 SYSTEMPATH\CodeIgniter.php(934): App\Controllers\Api->show('66a585d74b88a4b0d7896ae9c170f0cc66aea47995effdd2e91621672bcba34e')
 7 SYSTEMPATH\CodeIgniter.php(499): CodeIgniter\CodeIgniter->runController(Object(App\Controllers\Api))
 8 SYSTEMPATH\CodeIgniter.php(368): CodeIgniter\CodeIgniter->handleRequest(null, Object(Config\Cache), false)
 9 FCPATH\index.php(67): CodeIgniter\CodeIgniter->run()
CRITICAL - 2023-03-08 19:22:30 --> "App\Format\CustomXML" is not a valid Formatter class.
in SYSTEMPATH\Format\Format.php on line 61.
 1 SYSTEMPATH\Format\Format.php(61): CodeIgniter\Format\Exceptions\FormatException::forInvalidFormatter('App\\Format\\CustomXML')
 2 SYSTEMPATH\API\ResponseTrait.php(337): CodeIgniter\Format\Format->getFormatter('application/xml')
 3 SYSTEMPATH\API\ResponseTrait.php(99): App\Controllers\Api->format([...])
 4 SYSTEMPATH\API\ResponseTrait.php(136): App\Controllers\Api->respond([...], 405, 'ROOTPATH\\public')
 5 APPPATH\Controllers\Api.php(48): App\Controllers\Api->fail([...], 405)
 6 SYSTEMPATH\CodeIgniter.php(934): App\Controllers\Api->show('66a585d74b88a4b0d7896ae9c170f0cc66aea47995effdd2e91621672bcba34e')
 7 SYSTEMPATH\CodeIgniter.php(499): CodeIgniter\CodeIgniter->runController(Object(App\Controllers\Api))
 8 SYSTEMPATH\CodeIgniter.php(368): CodeIgniter\CodeIgniter->handleRequest(null, Object(Config\Cache), false)
 9 FCPATH\index.php(67): CodeIgniter\CodeIgniter->run()
CRITICAL - 2023-03-08 19:24:06 --> "CodeIgniter\Format\CustomXML" is not a valid Formatter class.
in SYSTEMPATH\Format\Format.php on line 61.
 1 SYSTEMPATH\Format\Format.php(61): CodeIgniter\Format\Exceptions\FormatException::forInvalidFormatter('CodeIgniter\\Format\\CustomXML')
 2 SYSTEMPATH\API\ResponseTrait.php(337): CodeIgniter\Format\Format->getFormatter('application/xml')
 3 SYSTEMPATH\API\ResponseTrait.php(99): App\Controllers\Api->format([...])
 4 SYSTEMPATH\API\ResponseTrait.php(136): App\Controllers\Api->respond([...], 405, 'ROOTPATH\\public')
 5 APPPATH\Controllers\Api.php(48): App\Controllers\Api->fail([...], 405)
 6 SYSTEMPATH\CodeIgniter.php(934): App\Controllers\Api->show('66a585d74b88a4b0d7896ae9c170f0cc66aea47995effdd2e91621672bcba34e')
 7 SYSTEMPATH\CodeIgniter.php(499): CodeIgniter\CodeIgniter->runController(Object(App\Controllers\Api))
 8 SYSTEMPATH\CodeIgniter.php(368): CodeIgniter\CodeIgniter->handleRequest(null, Object(Config\Cache), false)
 9 FCPATH\index.php(67): CodeIgniter\CodeIgniter->run()
CRITICAL - 2023-03-08 19:25:07 --> "App\Format\CustomXML" is not a valid Formatter class.
in SYSTEMPATH\Format\Format.php on line 61.
 1 SYSTEMPATH\Format\Format.php(61): CodeIgniter\Format\Exceptions\FormatException::forInvalidFormatter('App\\Format\\CustomXML')
 2 SYSTEMPATH\API\ResponseTrait.php(337): CodeIgniter\Format\Format->getFormatter('application/xml')
 3 SYSTEMPATH\API\ResponseTrait.php(99): App\Controllers\Api->format([...])
 4 SYSTEMPATH\API\ResponseTrait.php(136): App\Controllers\Api->respond([...], 405, 'ROOTPATH\\public')
 5 APPPATH\Controllers\Api.php(48): App\Controllers\Api->fail([...], 405)
 6 SYSTEMPATH\CodeIgniter.php(934): App\Controllers\Api->show('66a585d74b88a4b0d7896ae9c170f0cc66aea47995effdd2e91621672bcba34e')
 7 SYSTEMPATH\CodeIgniter.php(499): CodeIgniter\CodeIgniter->runController(Object(App\Controllers\Api))
 8 SYSTEMPATH\CodeIgniter.php(368): CodeIgniter\CodeIgniter->handleRequest(null, Object(Config\Cache), false)
 9 FCPATH\index.php(67): CodeIgniter\CodeIgniter->run()
CRITICAL - 2023-03-08 19:26:16 --> "Config\CustomXML" is not a valid Formatter class.
in SYSTEMPATH\Format\Format.php on line 61.
 1 SYSTEMPATH\Format\Format.php(61): CodeIgniter\Format\Exceptions\FormatException::forInvalidFormatter('Config\\CustomXML')
 2 SYSTEMPATH\API\ResponseTrait.php(337): CodeIgniter\Format\Format->getFormatter('application/xml')
 3 SYSTEMPATH\API\ResponseTrait.php(99): App\Controllers\Api->format([...])
 4 SYSTEMPATH\API\ResponseTrait.php(136): App\Controllers\Api->respond([...], 405, 'ROOTPATH\\public')
 5 APPPATH\Controllers\Api.php(48): App\Controllers\Api->fail([...], 405)
 6 SYSTEMPATH\CodeIgniter.php(934): App\Controllers\Api->show('66a585d74b88a4b0d7896ae9c170f0cc66aea47995effdd2e91621672bcba34e')
 7 SYSTEMPATH\CodeIgniter.php(499): CodeIgniter\CodeIgniter->runController(Object(App\Controllers\Api))
 8 SYSTEMPATH\CodeIgniter.php(368): CodeIgniter\CodeIgniter->handleRequest(null, Object(Config\Cache), false)
 9 FCPATH\index.php(67): CodeIgniter\CodeIgniter->run()
CRITICAL - 2023-03-08 19:43:40 --> openssl_encrypt(): IV passed is 17 bytes long which is longer than the 16 expected by selected cipher, truncating
in APPPATH\Controllers\Api.php on line 165.
 1 [internal function]: CodeIgniter\Debug\Exceptions->errorHandler(2, 'openssl_encrypt(): IV passed is 17 bytes long which is longer than the 16 expected by selected cipher, truncating', 'APPPATH\\Controllers\\Api.php', 165, [...])
 2 APPPATH\Controllers\Api.php(165): openssl_encrypt('teszt szöveg2', 'AES256', '1234567891011121', 0, 'SomaerpCRMInstall')
 3 APPPATH\Controllers\Api.php(106): App\Controllers\Api->cryptSecret('teszt szöveg2')
 4 SYSTEMPATH\CodeIgniter.php(934): App\Controllers\Api->create()
 5 SYSTEMPATH\CodeIgniter.php(499): CodeIgniter\CodeIgniter->runController(Object(App\Controllers\Api))
 6 SYSTEMPATH\CodeIgniter.php(368): CodeIgniter\CodeIgniter->handleRequest(null, Object(Config\Cache), false)
 7 FCPATH\index.php(67): CodeIgniter\CodeIgniter->run()
CRITICAL - 2023-03-08 19:44:32 --> openssl_encrypt(): IV passed is only 12 bytes long, cipher expects an IV of precisely 16 bytes, padding with \0
in APPPATH\Controllers\Api.php on line 165.
 1 [internal function]: CodeIgniter\Debug\Exceptions->errorHandler(2, 'openssl_encrypt(): IV passed is only 12 bytes long, cipher expects an IV of precisely 16 bytes, padding with \\0', 'APPPATH\\Controllers\\Api.php', 165, [...])
 2 APPPATH\Controllers\Api.php(165): openssl_encrypt('teszt szöveg2', 'AES256', '123456789101112', 0, 'SecretServer')
 3 APPPATH\Controllers\Api.php(106): App\Controllers\Api->cryptSecret('teszt szöveg2')
 4 SYSTEMPATH\CodeIgniter.php(934): App\Controllers\Api->create()
 5 SYSTEMPATH\CodeIgniter.php(499): CodeIgniter\CodeIgniter->runController(Object(App\Controllers\Api))
 6 SYSTEMPATH\CodeIgniter.php(368): CodeIgniter\CodeIgniter->handleRequest(null, Object(Config\Cache), false)
 7 FCPATH\index.php(67): CodeIgniter\CodeIgniter->run()
CRITICAL - 2023-03-08 19:47:24 --> Undefined index: secretText
in APPPATH\Controllers\Api.php on line 114.
 1 APPPATH\Controllers\Api.php(114): CodeIgniter\Debug\Exceptions->errorHandler(8, 'Undefined index: secretText', 'APPPATH\\Controllers\\Api.php', 114, [...])
 2 SYSTEMPATH\CodeIgniter.php(934): App\Controllers\Api->create()
 3 SYSTEMPATH\CodeIgniter.php(499): CodeIgniter\CodeIgniter->runController(Object(App\Controllers\Api))
 4 SYSTEMPATH\CodeIgniter.php(368): CodeIgniter\CodeIgniter->handleRequest(null, Object(Config\Cache), false)
 5 FCPATH\index.php(67): CodeIgniter\CodeIgniter->run()
CRITICAL - 2023-03-08 19:47:32 --> openssl_decrypt(): IV passed is only 12 bytes long, cipher expects an IV of precisely 16 bytes, padding with \0
in APPPATH\Controllers\Api.php on line 171.
 1 [internal function]: CodeIgniter\Debug\Exceptions->errorHandler(2, 'openssl_decrypt(): IV passed is only 12 bytes long, cipher expects an IV of precisely 16 bytes, padding with \\0', 'APPPATH\\Controllers\\Api.php', 171, [...])
 2 APPPATH\Controllers\Api.php(171): openssl_decrypt('/WVROmuyR42NuYBOkukqLA==', 'AES256', '1234567891011121', 0, 'SecretServer')
 3 APPPATH\Controllers\Api.php(114): App\Controllers\Api->cryptSecret('/WVROmuyR42NuYBOkukqLA==', true)
 4 SYSTEMPATH\CodeIgniter.php(934): App\Controllers\Api->create()
 5 SYSTEMPATH\CodeIgniter.php(499): CodeIgniter\CodeIgniter->runController(Object(App\Controllers\Api))
 6 SYSTEMPATH\CodeIgniter.php(368): CodeIgniter\CodeIgniter->handleRequest(null, Object(Config\Cache), false)
 7 FCPATH\index.php(67): CodeIgniter\CodeIgniter->run()
