CRITICAL - 2023-03-07 13:35:08 --> Too few arguments to function App\Controllers\Api::show(), 0 passed in C:\wamp64\www\shoprenter\system\CodeIgniter.php on line 934 and exactly 1 expected
in APPPATH\Controllers\Api.php on line 7.
 1 SYSTEMPATH\CodeIgniter.php(934): App\Controllers\Api->show()
 2 SYSTEMPATH\CodeIgniter.php(499): CodeIgniter\CodeIgniter->runController(Object(App\Controllers\Api))
 3 SYSTEMPATH\CodeIgniter.php(368): CodeIgniter\CodeIgniter->handleRequest(null, Object(Config\Cache), false)
 4 FCPATH\index.php(67): CodeIgniter\CodeIgniter->run()
CRITICAL - 2023-03-07 13:36:27 --> Too few arguments to function App\Controllers\Api::show(), 0 passed in C:\wamp64\www\shoprenter\system\CodeIgniter.php on line 934 and exactly 1 expected
in APPPATH\Controllers\Api.php on line 7.
 1 SYSTEMPATH\CodeIgniter.php(934): App\Controllers\Api->show()
 2 SYSTEMPATH\CodeIgniter.php(499): CodeIgniter\CodeIgniter->runController(Object(App\Controllers\Api))
 3 SYSTEMPATH\CodeIgniter.php(368): CodeIgniter\CodeIgniter->handleRequest(null, Object(Config\Cache), false)
 4 FCPATH\index.php(67): CodeIgniter\CodeIgniter->run()
CRITICAL - 2023-03-07 13:37:05 --> Too few arguments to function App\Controllers\Api::show(), 0 passed in C:\wamp64\www\shoprenter\system\CodeIgniter.php on line 934 and exactly 1 expected
in APPPATH\Controllers\Api.php on line 7.
 1 SYSTEMPATH\CodeIgniter.php(934): App\Controllers\Api->show()
 2 SYSTEMPATH\CodeIgniter.php(499): CodeIgniter\CodeIgniter->runController(Object(App\Controllers\Api))
 3 SYSTEMPATH\CodeIgniter.php(368): CodeIgniter\CodeIgniter->handleRequest(null, Object(Config\Cache), false)
 4 FCPATH\index.php(67): CodeIgniter\CodeIgniter->run()
CRITICAL - 2023-03-07 13:37:37 --> Invalid file: "get.php"
in SYSTEMPATH\Exceptions\FrameworkException.php on line 33.
 1 SYSTEMPATH\View\View.php(201): CodeIgniter\Exceptions\FrameworkException::forInvalidFile('FCPATH\\get.php')
 2 SYSTEMPATH\Common.php(1184): CodeIgniter\View\View->render('get', [], true)
 3 APPPATH\Controllers\Api.php(9): view('get')
 4 SYSTEMPATH\CodeIgniter.php(934): App\Controllers\Api->show()
 5 SYSTEMPATH\CodeIgniter.php(499): CodeIgniter\CodeIgniter->runController(Object(App\Controllers\Api))
 6 SYSTEMPATH\CodeIgniter.php(368): CodeIgniter\CodeIgniter->handleRequest(null, Object(Config\Cache), false)
 7 FCPATH\index.php(67): CodeIgniter\CodeIgniter->run()
CRITICAL - 2023-03-07 13:39:25 --> Too few arguments to function App\Controllers\Api::show(), 0 passed in C:\wamp64\www\shoprenter\system\CodeIgniter.php on line 934 and exactly 1 expected
in APPPATH\Controllers\Api.php on line 7.
 1 SYSTEMPATH\CodeIgniter.php(934): App\Controllers\Api->show()
 2 SYSTEMPATH\CodeIgniter.php(499): CodeIgniter\CodeIgniter->runController(Object(App\Controllers\Api))
 3 SYSTEMPATH\CodeIgniter.php(368): CodeIgniter\CodeIgniter->handleRequest(null, Object(Config\Cache), false)
 4 FCPATH\index.php(67): CodeIgniter\CodeIgniter->run()
CRITICAL - 2023-03-07 13:40:41 --> Too few arguments to function App\Controllers\Api::show(), 0 passed in C:\wamp64\www\shoprenter\system\CodeIgniter.php on line 934 and exactly 1 expected
in APPPATH\Controllers\Api.php on line 7.
 1 SYSTEMPATH\CodeIgniter.php(934): App\Controllers\Api->show()
 2 SYSTEMPATH\CodeIgniter.php(499): CodeIgniter\CodeIgniter->runController(Object(App\Controllers\Api))
 3 SYSTEMPATH\CodeIgniter.php(368): CodeIgniter\CodeIgniter->handleRequest(null, Object(Config\Cache), false)
 4 FCPATH\index.php(67): CodeIgniter\CodeIgniter->run()
CRITICAL - 2023-03-07 13:40:48 --> Too few arguments to function App\Controllers\Api::show(), 0 passed in C:\wamp64\www\shoprenter\system\CodeIgniter.php on line 934 and exactly 1 expected
in APPPATH\Controllers\Api.php on line 7.
 1 SYSTEMPATH\CodeIgniter.php(934): App\Controllers\Api->show()
 2 SYSTEMPATH\CodeIgniter.php(499): CodeIgniter\CodeIgniter->runController(Object(App\Controllers\Api))
 3 SYSTEMPATH\CodeIgniter.php(368): CodeIgniter\CodeIgniter->handleRequest(null, Object(Config\Cache), false)
 4 FCPATH\index.php(67): CodeIgniter\CodeIgniter->run()
CRITICAL - 2023-03-07 13:40:57 --> Too few arguments to function App\Controllers\Api::show(), 0 passed in C:\wamp64\www\shoprenter\system\CodeIgniter.php on line 934 and exactly 1 expected
in APPPATH\Controllers\Api.php on line 7.
 1 SYSTEMPATH\CodeIgniter.php(934): App\Controllers\Api->show()
 2 SYSTEMPATH\CodeIgniter.php(499): CodeIgniter\CodeIgniter->runController(Object(App\Controllers\Api))
 3 SYSTEMPATH\CodeIgniter.php(368): CodeIgniter\CodeIgniter->handleRequest(null, Object(Config\Cache), false)
 4 FCPATH\index.php(67): CodeIgniter\CodeIgniter->run()
CRITICAL - 2023-03-07 17:27:42 --> Call to a member function getPost() on string
in APPPATH\Controllers\Api.php on line 25.
 1 SYSTEMPATH\CodeIgniter.php(934): App\Controllers\Api->create()
 2 SYSTEMPATH\CodeIgniter.php(499): CodeIgniter\CodeIgniter->runController(Object(App\Controllers\Api))
 3 SYSTEMPATH\CodeIgniter.php(368): CodeIgniter\CodeIgniter->handleRequest(null, Object(Config\Cache), false)
 4 FCPATH\index.php(67): CodeIgniter\CodeIgniter->run()
CRITICAL - 2023-03-07 17:43:16 --> Unknown type: application/x-www-form-urlencoded
in SYSTEMPATH\HTTP\IncomingRequest.php on line 402.
 1 APPPATH\Controllers\Api.php(22): CodeIgniter\HTTP\IncomingRequest->is('application/x-www-form-urlencoded')
 2 SYSTEMPATH\CodeIgniter.php(934): App\Controllers\Api->create()
 3 SYSTEMPATH\CodeIgniter.php(499): CodeIgniter\CodeIgniter->runController(Object(App\Controllers\Api))
 4 SYSTEMPATH\CodeIgniter.php(368): CodeIgniter\CodeIgniter->handleRequest(null, Object(Config\Cache), false)
 5 FCPATH\index.php(67): CodeIgniter\CodeIgniter->run()
CRITICAL - 2023-03-07 17:43:38 --> Unknown type: xml
in SYSTEMPATH\HTTP\IncomingRequest.php on line 402.
 1 APPPATH\Controllers\Api.php(22): CodeIgniter\HTTP\IncomingRequest->is('xml')
 2 SYSTEMPATH\CodeIgniter.php(934): App\Controllers\Api->create()
 3 SYSTEMPATH\CodeIgniter.php(499): CodeIgniter\CodeIgniter->runController(Object(App\Controllers\Api))
 4 SYSTEMPATH\CodeIgniter.php(368): CodeIgniter\CodeIgniter->handleRequest(null, Object(Config\Cache), false)
 5 FCPATH\index.php(67): CodeIgniter\CodeIgniter->run()
CRITICAL - 2023-03-07 17:44:00 --> Cannot use object of type CodeIgniter\HTTP\Header as array
in APPPATH\Controllers\Api.php on line 22.
 1 SYSTEMPATH\CodeIgniter.php(934): App\Controllers\Api->create()
 2 SYSTEMPATH\CodeIgniter.php(499): CodeIgniter\CodeIgniter->runController(Object(App\Controllers\Api))
 3 SYSTEMPATH\CodeIgniter.php(368): CodeIgniter\CodeIgniter->handleRequest(null, Object(Config\Cache), false)
 4 FCPATH\index.php(67): CodeIgniter\CodeIgniter->run()
CRITICAL - 2023-03-07 17:44:29 --> Cannot access protected property CodeIgniter\HTTP\Header::$name
in APPPATH\Controllers\Api.php on line 22.
 1 SYSTEMPATH\CodeIgniter.php(934): App\Controllers\Api->create()
 2 SYSTEMPATH\CodeIgniter.php(499): CodeIgniter\CodeIgniter->runController(Object(App\Controllers\Api))
 3 SYSTEMPATH\CodeIgniter.php(368): CodeIgniter\CodeIgniter->handleRequest(null, Object(Config\Cache), false)
 4 FCPATH\index.php(67): CodeIgniter\CodeIgniter->run()
CRITICAL - 2023-03-07 18:54:53 --> Undefined variable $data
in APPPATH\Controllers\Api.php on line 25.
 1 APPPATH\Controllers\Api.php(25): CodeIgniter\Debug\Exceptions->errorHandler(2, 'Undefined variable $data', 'APPPATH\\Controllers\\Api.php', 25)
 2 SYSTEMPATH\CodeIgniter.php(934): App\Controllers\Api->create()
 3 SYSTEMPATH\CodeIgniter.php(499): CodeIgniter\CodeIgniter->runController(Object(App\Controllers\Api))
 4 SYSTEMPATH\CodeIgniter.php(368): CodeIgniter\CodeIgniter->handleRequest(null, Object(Config\Cache), false)
 5 FCPATH\index.php(67): CodeIgniter\CodeIgniter->run()
CRITICAL - 2023-03-07 18:59:22 --> Undefined array key "application/json"
in APPPATH\Controllers\Api.php on line 34.
 1 APPPATH\Controllers\Api.php(34): CodeIgniter\Debug\Exceptions->errorHandler(2, 'Undefined array key "application/json"', 'APPPATH\\Controllers\\Api.php', 34)
 2 SYSTEMPATH\CodeIgniter.php(934): App\Controllers\Api->create()
 3 SYSTEMPATH\CodeIgniter.php(499): CodeIgniter\CodeIgniter->runController(Object(App\Controllers\Api))
 4 SYSTEMPATH\CodeIgniter.php(368): CodeIgniter\CodeIgniter->handleRequest(null, Object(Config\Cache), false)
 5 FCPATH\index.php(67): CodeIgniter\CodeIgniter->run()
CRITICAL - 2023-03-07 18:59:37 --> Undefined array key "Content-Type"
in APPPATH\Controllers\Api.php on line 34.
 1 APPPATH\Controllers\Api.php(34): CodeIgniter\Debug\Exceptions->errorHandler(2, 'Undefined array key "Content-Type"', 'APPPATH\\Controllers\\Api.php', 34)
 2 SYSTEMPATH\CodeIgniter.php(934): App\Controllers\Api->create()
 3 SYSTEMPATH\CodeIgniter.php(499): CodeIgniter\CodeIgniter->runController(Object(App\Controllers\Api))
 4 SYSTEMPATH\CodeIgniter.php(368): CodeIgniter\CodeIgniter->handleRequest(null, Object(Config\Cache), false)
 5 FCPATH\index.php(67): CodeIgniter\CodeIgniter->run()
CRITICAL - 2023-03-07 19:05:46 --> SimpleXMLElement::addChild(): Argument #1 ($qualifiedName) cannot be empty
in SYSTEMPATH\Format\XMLFormatter.php on line 66.
 1 SYSTEMPATH\Format\XMLFormatter.php(66): SimpleXMLElement->addChild('ROOTPATH\\public', 'The  field is required.')
 2 SYSTEMPATH\Format\XMLFormatter.php(64): CodeIgniter\Format\XMLFormatter->arrayToXML([...], Object(SimpleXMLElement))
 3 SYSTEMPATH\Format\XMLFormatter.php(43): CodeIgniter\Format\XMLFormatter->arrayToXML([...], Object(SimpleXMLElement))
 4 SYSTEMPATH\API\ResponseTrait.php(346): CodeIgniter\Format\XMLFormatter->format([...])
 5 SYSTEMPATH\API\ResponseTrait.php(99): App\Controllers\Api->format([...])
 6 SYSTEMPATH\API\ResponseTrait.php(136): App\Controllers\Api->respond([...], 400, 'ROOTPATH\\public')
 7 APPPATH\Controllers\Api.php(60): App\Controllers\Api->fail([...], 400)
 8 SYSTEMPATH\CodeIgniter.php(934): App\Controllers\Api->create()
 9 SYSTEMPATH\CodeIgniter.php(499): CodeIgniter\CodeIgniter->runController(Object(App\Controllers\Api))
10 SYSTEMPATH\CodeIgniter.php(368): CodeIgniter\CodeIgniter->handleRequest(null, Object(Config\Cache), false)
11 FCPATH\index.php(67): CodeIgniter\CodeIgniter->run()
CRITICAL - 2023-03-07 19:07:27 --> "is_number" is not a valid rule.
in SYSTEMPATH\Validation\Validation.php on line 320.
 1 SYSTEMPATH\Validation\Validation.php(320): CodeIgniter\Validation\Exceptions\ValidationException::forRuleNotFound('is_number')
 2 SYSTEMPATH\Validation\Validation.php(170): CodeIgniter\Validation\Validation->processRules('expireAfterViews', 'expireAfterViews', '10', [...], [...])
 3 SYSTEMPATH\Controller.php(155): CodeIgniter\Validation\Validation->run([...], null, null)
 4 APPPATH\Controllers\Api.php(57): CodeIgniter\Controller->validateData([...], [...])
 5 SYSTEMPATH\CodeIgniter.php(934): App\Controllers\Api->create()
 6 SYSTEMPATH\CodeIgniter.php(499): CodeIgniter\CodeIgniter->runController(Object(App\Controllers\Api))
 7 SYSTEMPATH\CodeIgniter.php(368): CodeIgniter\CodeIgniter->handleRequest(null, Object(Config\Cache), false)
 8 FCPATH\index.php(67): CodeIgniter\CodeIgniter->run()
CRITICAL - 2023-03-07 19:09:19 --> "is_number" is not a valid rule.
in SYSTEMPATH\Validation\Validation.php on line 320.
 1 SYSTEMPATH\Validation\Validation.php(320): CodeIgniter\Validation\Exceptions\ValidationException::forRuleNotFound('is_number')
 2 SYSTEMPATH\Validation\Validation.php(170): CodeIgniter\Validation\Validation->processRules('expireAfterViews', 'expireAfterViews', '10', [...], [...])
 3 SYSTEMPATH\Controller.php(140): CodeIgniter\Validation\Validation->run()
 4 APPPATH\Controllers\Api.php(57): CodeIgniter\Controller->validate([...])
 5 SYSTEMPATH\CodeIgniter.php(934): App\Controllers\Api->create()
 6 SYSTEMPATH\CodeIgniter.php(499): CodeIgniter\CodeIgniter->runController(Object(App\Controllers\Api))
 7 SYSTEMPATH\CodeIgniter.php(368): CodeIgniter\CodeIgniter->handleRequest(null, Object(Config\Cache), false)
 8 FCPATH\index.php(67): CodeIgniter\CodeIgniter->run()
CRITICAL - 2023-03-07 19:14:01 --> "is_number" is not a valid rule.
in SYSTEMPATH\Validation\Validation.php on line 320.
 1 SYSTEMPATH\Validation\Validation.php(320): CodeIgniter\Validation\Exceptions\ValidationException::forRuleNotFound('is_number')
 2 SYSTEMPATH\Validation\Validation.php(170): CodeIgniter\Validation\Validation->processRules('expireAfterViews', 'expireAfterViews', '10', [...], [...])
 3 SYSTEMPATH\Controller.php(140): CodeIgniter\Validation\Validation->run()
 4 APPPATH\Controllers\Api.php(37): CodeIgniter\Controller->validate([...])
 5 SYSTEMPATH\CodeIgniter.php(934): App\Controllers\Api->create()
 6 SYSTEMPATH\CodeIgniter.php(499): CodeIgniter\CodeIgniter->runController(Object(App\Controllers\Api))
 7 SYSTEMPATH\CodeIgniter.php(368): CodeIgniter\CodeIgniter->handleRequest(null, Object(Config\Cache), false)
 8 FCPATH\index.php(67): CodeIgniter\CodeIgniter->run()
CRITICAL - 2023-03-07 19:17:06 --> Call to a member function getErrors() on null
in APPPATH\Controllers\Api.php on line 37.
 1 SYSTEMPATH\CodeIgniter.php(934): App\Controllers\Api->create()
 2 SYSTEMPATH\CodeIgniter.php(499): CodeIgniter\CodeIgniter->runController(Object(App\Controllers\Api))
 3 SYSTEMPATH\CodeIgniter.php(368): CodeIgniter\CodeIgniter->handleRequest(null, Object(Config\Cache), false)
 4 FCPATH\index.php(67): CodeIgniter\CodeIgniter->run()
CRITICAL - 2023-03-07 19:18:08 --> Call to a member function getErrors() on null
in APPPATH\Controllers\Api.php on line 37.
 1 SYSTEMPATH\CodeIgniter.php(934): App\Controllers\Api->create()
 2 SYSTEMPATH\CodeIgniter.php(499): CodeIgniter\CodeIgniter->runController(Object(App\Controllers\Api))
 3 SYSTEMPATH\CodeIgniter.php(368): CodeIgniter\CodeIgniter->handleRequest(null, Object(Config\Cache), false)
 4 FCPATH\index.php(67): CodeIgniter\CodeIgniter->run()
CRITICAL - 2023-03-07 19:27:25 --> Call to undefined method App\Controllers\Api::getVersion()
in APPPATH\Controllers\Api.php on line 24.
 1 SYSTEMPATH\CodeIgniter.php(934): App\Controllers\Api->create()
 2 SYSTEMPATH\CodeIgniter.php(499): CodeIgniter\CodeIgniter->runController(Object(App\Controllers\Api))
 3 SYSTEMPATH\CodeIgniter.php(368): CodeIgniter\CodeIgniter->handleRequest(null, Object(Config\Cache), false)
 4 FCPATH\index.php(67): CodeIgniter\CodeIgniter->run()
CRITICAL - 2023-03-07 19:29:35 --> view(): Argument #2 ($data) must be of type array, string given, called in C:\wamp64\www\shoprenter\app\Controllers\Api.php on line 17
in SYSTEMPATH\Common.php on line 1172.
 1 APPPATH\Controllers\Api.php(17): view('get', '1')
 2 SYSTEMPATH\CodeIgniter.php(934): App\Controllers\Api->show('1')
 3 SYSTEMPATH\CodeIgniter.php(499): CodeIgniter\CodeIgniter->runController(Object(App\Controllers\Api))
 4 SYSTEMPATH\CodeIgniter.php(368): CodeIgniter\CodeIgniter->handleRequest(null, Object(Config\Cache), false)
 5 FCPATH\index.php(67): CodeIgniter\CodeIgniter->run()
CRITICAL - 2023-03-07 19:32:50 --> Call to a member function getErrors() on null
in APPPATH\Controllers\Api.php on line 37.
 1 SYSTEMPATH\CodeIgniter.php(934): App\Controllers\Api->create()
 2 SYSTEMPATH\CodeIgniter.php(499): CodeIgniter\CodeIgniter->runController(Object(App\Controllers\Api))
 3 SYSTEMPATH\CodeIgniter.php(368): CodeIgniter\CodeIgniter->handleRequest(null, Object(Config\Cache), false)
 4 FCPATH\index.php(67): CodeIgniter\CodeIgniter->run()
CRITICAL - 2023-03-07 19:34:09 --> Call to a member function getErrors() on null
in APPPATH\Controllers\Api.php on line 38.
 1 SYSTEMPATH\CodeIgniter.php(934): App\Controllers\Api->create()
 2 SYSTEMPATH\CodeIgniter.php(499): CodeIgniter\CodeIgniter->runController(Object(App\Controllers\Api))
 3 SYSTEMPATH\CodeIgniter.php(368): CodeIgniter\CodeIgniter->handleRequest(null, Object(Config\Cache), false)
 4 FCPATH\index.php(67): CodeIgniter\CodeIgniter->run()
CRITICAL - 2023-03-07 19:35:57 --> "is_number" is not a valid rule.
in SYSTEMPATH\Validation\Validation.php on line 320.
 1 SYSTEMPATH\Validation\Validation.php(320): CodeIgniter\Validation\Exceptions\ValidationException::forRuleNotFound('is_number')
 2 SYSTEMPATH\Validation\Validation.php(170): CodeIgniter\Validation\Validation->processRules('expireAfterViews', 'expireAfterViews', '10', [...], [...])
 3 SYSTEMPATH\Controller.php(155): CodeIgniter\Validation\Validation->run([...], null, null)
 4 APPPATH\Controllers\Api.php(47): CodeIgniter\Controller->validateData([...], [...])
 5 SYSTEMPATH\CodeIgniter.php(934): App\Controllers\Api->create()
 6 SYSTEMPATH\CodeIgniter.php(499): CodeIgniter\CodeIgniter->runController(Object(App\Controllers\Api))
 7 SYSTEMPATH\CodeIgniter.php(368): CodeIgniter\CodeIgniter->handleRequest(null, Object(Config\Cache), false)
 8 FCPATH\index.php(67): CodeIgniter\CodeIgniter->run()
CRITICAL - 2023-03-07 19:36:55 --> "is_number" is not a valid rule.
in SYSTEMPATH\Validation\Validation.php on line 320.
 1 SYSTEMPATH\Validation\Validation.php(320): CodeIgniter\Validation\Exceptions\ValidationException::forRuleNotFound('is_number')
 2 SYSTEMPATH\Validation\Validation.php(170): CodeIgniter\Validation\Validation->processRules('expireAfterViews', 'expireAfterViews', '10', [...], [...])
 3 SYSTEMPATH\Controller.php(155): CodeIgniter\Validation\Validation->run([...], null, null)
 4 APPPATH\Controllers\Api.php(47): CodeIgniter\Controller->validateData([...], [...])
 5 SYSTEMPATH\CodeIgniter.php(934): App\Controllers\Api->create()
 6 SYSTEMPATH\CodeIgniter.php(499): CodeIgniter\CodeIgniter->runController(Object(App\Controllers\Api))
 7 SYSTEMPATH\CodeIgniter.php(368): CodeIgniter\CodeIgniter->handleRequest(null, Object(Config\Cache), false)
 8 FCPATH\index.php(67): CodeIgniter\CodeIgniter->run()
CRITICAL - 2023-03-07 19:46:34 --> Too few arguments to function CodeIgniter\HTTP\Message::getHeaderLine(), 0 passed in C:\wamp64\www\shoprenter\app\Controllers\Api.php on line 26 and exactly 1 expected
in SYSTEMPATH\HTTP\Message.php on line 111.
 1 APPPATH\Controllers\Api.php(26): CodeIgniter\HTTP\Message->getHeaderLine()
 2 SYSTEMPATH\CodeIgniter.php(934): App\Controllers\Api->create()
 3 SYSTEMPATH\CodeIgniter.php(499): CodeIgniter\CodeIgniter->runController(Object(App\Controllers\Api))
 4 SYSTEMPATH\CodeIgniter.php(368): CodeIgniter\CodeIgniter->handleRequest(null, Object(Config\Cache), false)
 5 FCPATH\index.php(67): CodeIgniter\CodeIgniter->run()
CRITICAL - 2023-03-07 19:47:12 --> Too few arguments to function CodeIgniter\HTTP\Message::getHeaderLine(), 0 passed in C:\wamp64\www\shoprenter\app\Controllers\Api.php on line 26 and exactly 1 expected
in SYSTEMPATH\HTTP\Message.php on line 111.
 1 APPPATH\Controllers\Api.php(26): CodeIgniter\HTTP\Message->getHeaderLine()
 2 SYSTEMPATH\CodeIgniter.php(934): App\Controllers\Api->create()
 3 SYSTEMPATH\CodeIgniter.php(499): CodeIgniter\CodeIgniter->runController(Object(App\Controllers\Api))
 4 SYSTEMPATH\CodeIgniter.php(368): CodeIgniter\CodeIgniter->handleRequest(null, Object(Config\Cache), false)
 5 FCPATH\index.php(67): CodeIgniter\CodeIgniter->run()
CRITICAL - 2023-03-07 20:26:47 --> You must set the database table to be used with your query.
in SYSTEMPATH\Database\BaseConnection.php on line 882.
 1 SYSTEMPATH\Model.php(642): CodeIgniter\Database\BaseConnection->table(null)
 2 SYSTEMPATH\Model.php(832): CodeIgniter\Model->builder()
 3 APPPATH\Controllers\Api.php(86): CodeIgniter\Model->__call('where', [...])
 4 APPPATH\Controllers\Api.php(20): App\Controllers\Api->generateHash()
 5 SYSTEMPATH\CodeIgniter.php(934): App\Controllers\Api->create()
 6 SYSTEMPATH\CodeIgniter.php(499): CodeIgniter\CodeIgniter->runController(Object(App\Controllers\Api))
 7 SYSTEMPATH\CodeIgniter.php(368): CodeIgniter\CodeIgniter->handleRequest(null, Object(Config\Cache), false)
 8 FCPATH\index.php(67): CodeIgniter\CodeIgniter->run()
CRITICAL - 2023-03-07 20:29:12 --> You must set the database table to be used with your query.
in SYSTEMPATH\Database\BaseConnection.php on line 882.
 1 SYSTEMPATH\Model.php(642): CodeIgniter\Database\BaseConnection->table(null)
 2 SYSTEMPATH\Model.php(832): CodeIgniter\Model->builder()
 3 APPPATH\Controllers\Api.php(86): CodeIgniter\Model->__call('where', [...])
 4 APPPATH\Controllers\Api.php(20): App\Controllers\Api->generateHash()
 5 SYSTEMPATH\CodeIgniter.php(934): App\Controllers\Api->create()
 6 SYSTEMPATH\CodeIgniter.php(499): CodeIgniter\CodeIgniter->runController(Object(App\Controllers\Api))
 7 SYSTEMPATH\CodeIgniter.php(368): CodeIgniter\CodeIgniter->handleRequest(null, Object(Config\Cache), false)
 8 FCPATH\index.php(67): CodeIgniter\CodeIgniter->run()
CRITICAL - 2023-03-07 20:30:24 --> You must set the database table to be used with your query.
in SYSTEMPATH\Database\BaseConnection.php on line 882.
 1 SYSTEMPATH\Model.php(642): CodeIgniter\Database\BaseConnection->table(null)
 2 SYSTEMPATH\Model.php(832): CodeIgniter\Model->builder()
 3 APPPATH\Controllers\Api.php(86): CodeIgniter\Model->__call('where', [...])
 4 APPPATH\Controllers\Api.php(20): App\Controllers\Api->generateHash()
 5 SYSTEMPATH\CodeIgniter.php(934): App\Controllers\Api->create()
 6 SYSTEMPATH\CodeIgniter.php(499): CodeIgniter\CodeIgniter->runController(Object(App\Controllers\Api))
 7 SYSTEMPATH\CodeIgniter.php(368): CodeIgniter\CodeIgniter->handleRequest(null, Object(Config\Cache), false)
 8 FCPATH\index.php(67): CodeIgniter\CodeIgniter->run()
ERROR - 2023-03-07 20:36:18 --> Error connecting to the database: mysqli_sql_exception: Access denied for user ''@'localhost' (using password: NO) in C:\wamp64\www\shoprenter\system\Database\MySQLi\Connection.php:173
Stack trace:
#0 C:\wamp64\www\shoprenter\system\Database\MySQLi\Connection.php(173): mysqli->real_connect('localhost', '', Object(SensitiveParameterValue), '', 3306, '', 0)
#1 C:\wamp64\www\shoprenter\system\Database\BaseConnection.php(391): CodeIgniter\Database\MySQLi\Connection->connect(false)
#2 C:\wamp64\www\shoprenter\system\Database\BaseConnection.php(573): CodeIgniter\Database\BaseConnection->initialize()
#3 C:\wamp64\www\shoprenter\system\Database\BaseBuilder.php(1616): CodeIgniter\Database\BaseConnection->query('SELECT *\nFROM `...', Array, false)
#4 C:\wamp64\www\shoprenter\system\Model.php(241): CodeIgniter\Database\BaseBuilder->get()
#5 C:\wamp64\www\shoprenter\system\BaseModel.php(618): CodeIgniter\Model->doFindAll(0, 0)
#6 C:\wamp64\www\shoprenter\app\Models\CreateModel.php(14): CodeIgniter\BaseModel->findAll()
#7 C:\wamp64\www\shoprenter\app\Controllers\Api.php(86): App\Models\CreateModel->checkHash('db5d66644f05573...')
#8 C:\wamp64\www\shoprenter\app\Controllers\Api.php(20): App\Controllers\Api->generateHash()
#9 C:\wamp64\www\shoprenter\system\CodeIgniter.php(934): App\Controllers\Api->create()
#10 C:\wamp64\www\shoprenter\system\CodeIgniter.php(499): CodeIgniter\CodeIgniter->runController(Object(App\Controllers\Api))
#11 C:\wamp64\www\shoprenter\system\CodeIgniter.php(368): CodeIgniter\CodeIgniter->handleRequest(NULL, Object(Config\Cache), false)
#12 C:\wamp64\www\shoprenter\public\index.php(67): CodeIgniter\CodeIgniter->run()
#13 {main}

Next CodeIgniter\Database\Exceptions\DatabaseException: Access denied for user ''@'localhost' (using password: NO) in C:\wamp64\www\shoprenter\system\Database\MySQLi\Connection.php:218
Stack trace:
#0 C:\wamp64\www\shoprenter\system\Database\BaseConnection.php(391): CodeIgniter\Database\MySQLi\Connection->connect(false)
#1 C:\wamp64\www\shoprenter\system\Database\BaseConnection.php(573): CodeIgniter\Database\BaseConnection->initialize()
#2 C:\wamp64\www\shoprenter\system\Database\BaseBuilder.php(1616): CodeIgniter\Database\BaseConnection->query('SELECT *\nFROM `...', Array, false)
#3 C:\wamp64\www\shoprenter\system\Model.php(241): CodeIgniter\Database\BaseBuilder->get()
#4 C:\wamp64\www\shoprenter\system\BaseModel.php(618): CodeIgniter\Model->doFindAll(0, 0)
#5 C:\wamp64\www\shoprenter\app\Models\CreateModel.php(14): CodeIgniter\BaseModel->findAll()
#6 C:\wamp64\www\shoprenter\app\Controllers\Api.php(86): App\Models\CreateModel->checkHash('db5d66644f05573...')
#7 C:\wamp64\www\shoprenter\app\Controllers\Api.php(20): App\Controllers\Api->generateHash()
#8 C:\wamp64\www\shoprenter\system\CodeIgniter.php(934): App\Controllers\Api->create()
#9 C:\wamp64\www\shoprenter\system\CodeIgniter.php(499): CodeIgniter\CodeIgniter->runController(Object(App\Controllers\Api))
#10 C:\wamp64\www\shoprenter\system\CodeIgniter.php(368): CodeIgniter\CodeIgniter->handleRequest(NULL, Object(Config\Cache), false)
#11 C:\wamp64\www\shoprenter\public\index.php(67): CodeIgniter\CodeIgniter->run()
#12 {main}
CRITICAL - 2023-03-07 20:36:18 --> Unable to connect to the database.
Main connection [MySQLi]: Access denied for user ''@'localhost' (using password: NO)
in SYSTEMPATH\Database\BaseConnection.php on line 427.
 1 SYSTEMPATH\Database\BaseConnection.php(573): CodeIgniter\Database\BaseConnection->initialize()
 2 SYSTEMPATH\Database\BaseBuilder.php(1616): CodeIgniter\Database\BaseConnection->query('SELECT *
FROM `secrets`
WHERE `hash` = :hash:', [...], false)
 3 SYSTEMPATH\Model.php(241): CodeIgniter\Database\BaseBuilder->get()
 4 SYSTEMPATH\BaseModel.php(618): CodeIgniter\Model->doFindAll(0, 0)
 5 APPPATH\Models\CreateModel.php(14): CodeIgniter\BaseModel->findAll()
 6 APPPATH\Controllers\Api.php(86): App\Models\CreateModel->checkHash('db5d66644f055733204c8d5eb307e58efa2a2118420011dca5d88139a6edc114')
 7 APPPATH\Controllers\Api.php(20): App\Controllers\Api->generateHash()
 8 SYSTEMPATH\CodeIgniter.php(934): App\Controllers\Api->create()
 9 SYSTEMPATH\CodeIgniter.php(499): CodeIgniter\CodeIgniter->runController(Object(App\Controllers\Api))
10 SYSTEMPATH\CodeIgniter.php(368): CodeIgniter\CodeIgniter->handleRequest(null, Object(Config\Cache), false)
11 FCPATH\index.php(67): CodeIgniter\CodeIgniter->run()
ERROR - 2023-03-07 20:36:44 --> Error connecting to the database: mysqli_sql_exception: Access denied for user ''@'localhost' (using password: NO) in C:\wamp64\www\shoprenter\system\Database\MySQLi\Connection.php:173
Stack trace:
#0 C:\wamp64\www\shoprenter\system\Database\MySQLi\Connection.php(173): mysqli->real_connect('localhost', '', Object(SensitiveParameterValue), '', 3306, '', 0)
#1 C:\wamp64\www\shoprenter\system\Database\BaseConnection.php(391): CodeIgniter\Database\MySQLi\Connection->connect(false)
#2 C:\wamp64\www\shoprenter\system\Database\BaseConnection.php(573): CodeIgniter\Database\BaseConnection->initialize()
#3 C:\wamp64\www\shoprenter\system\Database\BaseBuilder.php(1616): CodeIgniter\Database\BaseConnection->query('SELECT *\nFROM `...', Array, false)
#4 C:\wamp64\www\shoprenter\system\Model.php(241): CodeIgniter\Database\BaseBuilder->get()
#5 C:\wamp64\www\shoprenter\system\BaseModel.php(618): CodeIgniter\Model->doFindAll(0, 0)
#6 C:\wamp64\www\shoprenter\app\Models\CreateModel.php(14): CodeIgniter\BaseModel->findAll()
#7 C:\wamp64\www\shoprenter\app\Controllers\Api.php(86): App\Models\CreateModel->checkHash('dc2cafea334cc48...')
#8 C:\wamp64\www\shoprenter\app\Controllers\Api.php(20): App\Controllers\Api->generateHash()
#9 C:\wamp64\www\shoprenter\system\CodeIgniter.php(934): App\Controllers\Api->create()
#10 C:\wamp64\www\shoprenter\system\CodeIgniter.php(499): CodeIgniter\CodeIgniter->runController(Object(App\Controllers\Api))
#11 C:\wamp64\www\shoprenter\system\CodeIgniter.php(368): CodeIgniter\CodeIgniter->handleRequest(NULL, Object(Config\Cache), false)
#12 C:\wamp64\www\shoprenter\public\index.php(67): CodeIgniter\CodeIgniter->run()
#13 {main}

Next CodeIgniter\Database\Exceptions\DatabaseException: Access denied for user ''@'localhost' (using password: NO) in C:\wamp64\www\shoprenter\system\Database\MySQLi\Connection.php:218
Stack trace:
#0 C:\wamp64\www\shoprenter\system\Database\BaseConnection.php(391): CodeIgniter\Database\MySQLi\Connection->connect(false)
#1 C:\wamp64\www\shoprenter\system\Database\BaseConnection.php(573): CodeIgniter\Database\BaseConnection->initialize()
#2 C:\wamp64\www\shoprenter\system\Database\BaseBuilder.php(1616): CodeIgniter\Database\BaseConnection->query('SELECT *\nFROM `...', Array, false)
#3 C:\wamp64\www\shoprenter\system\Model.php(241): CodeIgniter\Database\BaseBuilder->get()
#4 C:\wamp64\www\shoprenter\system\BaseModel.php(618): CodeIgniter\Model->doFindAll(0, 0)
#5 C:\wamp64\www\shoprenter\app\Models\CreateModel.php(14): CodeIgniter\BaseModel->findAll()
#6 C:\wamp64\www\shoprenter\app\Controllers\Api.php(86): App\Models\CreateModel->checkHash('dc2cafea334cc48...')
#7 C:\wamp64\www\shoprenter\app\Controllers\Api.php(20): App\Controllers\Api->generateHash()
#8 C:\wamp64\www\shoprenter\system\CodeIgniter.php(934): App\Controllers\Api->create()
#9 C:\wamp64\www\shoprenter\system\CodeIgniter.php(499): CodeIgniter\CodeIgniter->runController(Object(App\Controllers\Api))
#10 C:\wamp64\www\shoprenter\system\CodeIgniter.php(368): CodeIgniter\CodeIgniter->handleRequest(NULL, Object(Config\Cache), false)
#11 C:\wamp64\www\shoprenter\public\index.php(67): CodeIgniter\CodeIgniter->run()
#12 {main}
CRITICAL - 2023-03-07 20:36:44 --> Unable to connect to the database.
Main connection [MySQLi]: Access denied for user ''@'localhost' (using password: NO)
in SYSTEMPATH\Database\BaseConnection.php on line 427.
 1 SYSTEMPATH\Database\BaseConnection.php(573): CodeIgniter\Database\BaseConnection->initialize()
 2 SYSTEMPATH\Database\BaseBuilder.php(1616): CodeIgniter\Database\BaseConnection->query('SELECT *
FROM `secrets`
WHERE `hash` = :hash:', [...], false)
 3 SYSTEMPATH\Model.php(241): CodeIgniter\Database\BaseBuilder->get()
 4 SYSTEMPATH\BaseModel.php(618): CodeIgniter\Model->doFindAll(0, 0)
 5 APPPATH\Models\CreateModel.php(14): CodeIgniter\BaseModel->findAll()
 6 APPPATH\Controllers\Api.php(86): App\Models\CreateModel->checkHash('dc2cafea334cc48bc8c66c4a68f9107c500abc59ec970e50ed501b350b9ec379')
 7 APPPATH\Controllers\Api.php(20): App\Controllers\Api->generateHash()
 8 SYSTEMPATH\CodeIgniter.php(934): App\Controllers\Api->create()
 9 SYSTEMPATH\CodeIgniter.php(499): CodeIgniter\CodeIgniter->runController(Object(App\Controllers\Api))
10 SYSTEMPATH\CodeIgniter.php(368): CodeIgniter\CodeIgniter->handleRequest(null, Object(Config\Cache), false)
11 FCPATH\index.php(67): CodeIgniter\CodeIgniter->run()
ERROR - 2023-03-07 20:37:03 --> Error connecting to the database: mysqli_sql_exception: Access denied for user ''@'localhost' (using password: NO) in C:\wamp64\www\shoprenter\system\Database\MySQLi\Connection.php:173
Stack trace:
#0 C:\wamp64\www\shoprenter\system\Database\MySQLi\Connection.php(173): mysqli->real_connect('localhost', '', Object(SensitiveParameterValue), '', 3306, '', 0)
#1 C:\wamp64\www\shoprenter\system\Database\BaseConnection.php(391): CodeIgniter\Database\MySQLi\Connection->connect(false)
#2 C:\wamp64\www\shoprenter\system\Database\BaseConnection.php(573): CodeIgniter\Database\BaseConnection->initialize()
#3 C:\wamp64\www\shoprenter\system\Database\BaseBuilder.php(1616): CodeIgniter\Database\BaseConnection->query('SELECT *\nFROM `...', Array, false)
#4 C:\wamp64\www\shoprenter\system\Model.php(241): CodeIgniter\Database\BaseBuilder->get()
#5 C:\wamp64\www\shoprenter\system\BaseModel.php(618): CodeIgniter\Model->doFindAll(0, 0)
#6 C:\wamp64\www\shoprenter\app\Models\CreateModel.php(14): CodeIgniter\BaseModel->findAll()
#7 C:\wamp64\www\shoprenter\app\Controllers\Api.php(86): App\Models\CreateModel->checkHash('138ee8945955e44...')
#8 C:\wamp64\www\shoprenter\app\Controllers\Api.php(20): App\Controllers\Api->generateHash()
#9 C:\wamp64\www\shoprenter\system\CodeIgniter.php(934): App\Controllers\Api->create()
#10 C:\wamp64\www\shoprenter\system\CodeIgniter.php(499): CodeIgniter\CodeIgniter->runController(Object(App\Controllers\Api))
#11 C:\wamp64\www\shoprenter\system\CodeIgniter.php(368): CodeIgniter\CodeIgniter->handleRequest(NULL, Object(Config\Cache), false)
#12 C:\wamp64\www\shoprenter\public\index.php(67): CodeIgniter\CodeIgniter->run()
#13 {main}

Next CodeIgniter\Database\Exceptions\DatabaseException: Access denied for user ''@'localhost' (using password: NO) in C:\wamp64\www\shoprenter\system\Database\MySQLi\Connection.php:218
Stack trace:
#0 C:\wamp64\www\shoprenter\system\Database\BaseConnection.php(391): CodeIgniter\Database\MySQLi\Connection->connect(false)
#1 C:\wamp64\www\shoprenter\system\Database\BaseConnection.php(573): CodeIgniter\Database\BaseConnection->initialize()
#2 C:\wamp64\www\shoprenter\system\Database\BaseBuilder.php(1616): CodeIgniter\Database\BaseConnection->query('SELECT *\nFROM `...', Array, false)
#3 C:\wamp64\www\shoprenter\system\Model.php(241): CodeIgniter\Database\BaseBuilder->get()
#4 C:\wamp64\www\shoprenter\system\BaseModel.php(618): CodeIgniter\Model->doFindAll(0, 0)
#5 C:\wamp64\www\shoprenter\app\Models\CreateModel.php(14): CodeIgniter\BaseModel->findAll()
#6 C:\wamp64\www\shoprenter\app\Controllers\Api.php(86): App\Models\CreateModel->checkHash('138ee8945955e44...')
#7 C:\wamp64\www\shoprenter\app\Controllers\Api.php(20): App\Controllers\Api->generateHash()
#8 C:\wamp64\www\shoprenter\system\CodeIgniter.php(934): App\Controllers\Api->create()
#9 C:\wamp64\www\shoprenter\system\CodeIgniter.php(499): CodeIgniter\CodeIgniter->runController(Object(App\Controllers\Api))
#10 C:\wamp64\www\shoprenter\system\CodeIgniter.php(368): CodeIgniter\CodeIgniter->handleRequest(NULL, Object(Config\Cache), false)
#11 C:\wamp64\www\shoprenter\public\index.php(67): CodeIgniter\CodeIgniter->run()
#12 {main}
CRITICAL - 2023-03-07 20:37:03 --> Unable to connect to the database.
Main connection [MySQLi]: Access denied for user ''@'localhost' (using password: NO)
in SYSTEMPATH\Database\BaseConnection.php on line 427.
 1 SYSTEMPATH\Database\BaseConnection.php(573): CodeIgniter\Database\BaseConnection->initialize()
 2 SYSTEMPATH\Database\BaseBuilder.php(1616): CodeIgniter\Database\BaseConnection->query('SELECT *
FROM `secrets`
WHERE `hash` = :hash:', [...], false)
 3 SYSTEMPATH\Model.php(241): CodeIgniter\Database\BaseBuilder->get()
 4 SYSTEMPATH\BaseModel.php(618): CodeIgniter\Model->doFindAll(0, 0)
 5 APPPATH\Models\CreateModel.php(14): CodeIgniter\BaseModel->findAll()
 6 APPPATH\Controllers\Api.php(86): App\Models\CreateModel->checkHash('138ee8945955e44b7b670a8a2c45f68a6e3f8cebfd01cd9859f3353b13f7b40f')
 7 APPPATH\Controllers\Api.php(20): App\Controllers\Api->generateHash()
 8 SYSTEMPATH\CodeIgniter.php(934): App\Controllers\Api->create()
 9 SYSTEMPATH\CodeIgniter.php(499): CodeIgniter\CodeIgniter->runController(Object(App\Controllers\Api))
10 SYSTEMPATH\CodeIgniter.php(368): CodeIgniter\CodeIgniter->handleRequest(null, Object(Config\Cache), false)
11 FCPATH\index.php(67): CodeIgniter\CodeIgniter->run()
CRITICAL - 2023-03-07 20:48:47 --> date() expects at most 2 arguments, 3 given
in APPPATH\Controllers\Api.php on line 63.
 1 APPPATH\Controllers\Api.php(63): date('Y-m-d H:i:s', 1678222847, '2023-03-07 20:48:47')
 2 SYSTEMPATH\CodeIgniter.php(934): App\Controllers\Api->create()
 3 SYSTEMPATH\CodeIgniter.php(499): CodeIgniter\CodeIgniter->runController(Object(App\Controllers\Api))
 4 SYSTEMPATH\CodeIgniter.php(368): CodeIgniter\CodeIgniter->handleRequest(null, Object(Config\Cache), false)
 5 FCPATH\index.php(67): CodeIgniter\CodeIgniter->run()
CRITICAL - 2023-03-07 20:51:19 --> date() expects at most 2 arguments, 3 given
in APPPATH\Controllers\Api.php on line 63.
 1 APPPATH\Controllers\Api.php(63): date('Y-m-d H:i:s', 1678222999, '2023-03-07 20:51:19')
 2 SYSTEMPATH\CodeIgniter.php(934): App\Controllers\Api->create()
 3 SYSTEMPATH\CodeIgniter.php(499): CodeIgniter\CodeIgniter->runController(Object(App\Controllers\Api))
 4 SYSTEMPATH\CodeIgniter.php(368): CodeIgniter\CodeIgniter->handleRequest(null, Object(Config\Cache), false)
 5 FCPATH\index.php(67): CodeIgniter\CodeIgniter->run()
CRITICAL - 2023-03-07 20:51:32 --> date() expects at most 2 arguments, 3 given
in APPPATH\Controllers\Api.php on line 63.
 1 APPPATH\Controllers\Api.php(63): date('Y-m-d H:i:s', 1678223012, '2023-03-07 20:51:32')
 2 SYSTEMPATH\CodeIgniter.php(934): App\Controllers\Api->create()
 3 SYSTEMPATH\CodeIgniter.php(499): CodeIgniter\CodeIgniter->runController(Object(App\Controllers\Api))
 4 SYSTEMPATH\CodeIgniter.php(368): CodeIgniter\CodeIgniter->handleRequest(null, Object(Config\Cache), false)
 5 FCPATH\index.php(67): CodeIgniter\CodeIgniter->run()
CRITICAL - 2023-03-07 20:52:34 --> date() expects at most 2 arguments, 3 given
in APPPATH\Controllers\Api.php on line 63.
 1 APPPATH\Controllers\Api.php(63): date('Y-m-d H:i:s', 1678223074, 1678222354)
 2 SYSTEMPATH\CodeIgniter.php(934): App\Controllers\Api->create()
 3 SYSTEMPATH\CodeIgniter.php(499): CodeIgniter\CodeIgniter->runController(Object(App\Controllers\Api))
 4 SYSTEMPATH\CodeIgniter.php(368): CodeIgniter\CodeIgniter->handleRequest(null, Object(Config\Cache), false)
 5 FCPATH\index.php(67): CodeIgniter\CodeIgniter->run()
CRITICAL - 2023-03-07 22:00:38 --> Allowed fields must be specified for model: "App\Models\CreateModel"
in SYSTEMPATH\BaseModel.php on line 1242.
 1 SYSTEMPATH\BaseModel.php(1242): CodeIgniter\Database\Exceptions\DataException::forInvalidAllowedFields('App\\Models\\CreateModel')
 2 SYSTEMPATH\BaseModel.php(757): CodeIgniter\BaseModel->doProtectFields([...])
 3 SYSTEMPATH\Model.php(730): CodeIgniter\BaseModel->insert([...], true)
 4 APPPATH\Controllers\Api.php(77): CodeIgniter\Model->insert([...])
 5 SYSTEMPATH\CodeIgniter.php(934): App\Controllers\Api->create()
 6 SYSTEMPATH\CodeIgniter.php(499): CodeIgniter\CodeIgniter->runController(Object(App\Controllers\Api))
 7 SYSTEMPATH\CodeIgniter.php(368): CodeIgniter\CodeIgniter->handleRequest(null, Object(Config\Cache), false)
 8 FCPATH\index.php(67): CodeIgniter\CodeIgniter->run()
CRITICAL - 2023-03-07 22:01:23 --> Allowed fields must be specified for model: "App\Models\CreateModel"
in SYSTEMPATH\BaseModel.php on line 1242.
 1 SYSTEMPATH\BaseModel.php(1242): CodeIgniter\Database\Exceptions\DataException::forInvalidAllowedFields('App\\Models\\CreateModel')
 2 SYSTEMPATH\BaseModel.php(757): CodeIgniter\BaseModel->doProtectFields([...])
 3 SYSTEMPATH\Model.php(730): CodeIgniter\BaseModel->insert([...], true)
 4 APPPATH\Models\CreateModel.php(20): CodeIgniter\Model->insert([...])
 5 APPPATH\Controllers\Api.php(77): App\Models\CreateModel->insertSecret([...])
 6 SYSTEMPATH\CodeIgniter.php(934): App\Controllers\Api->create()
 7 SYSTEMPATH\CodeIgniter.php(499): CodeIgniter\CodeIgniter->runController(Object(App\Controllers\Api))
 8 SYSTEMPATH\CodeIgniter.php(368): CodeIgniter\CodeIgniter->handleRequest(null, Object(Config\Cache), false)
 9 FCPATH\index.php(67): CodeIgniter\CodeIgniter->run()
CRITICAL - 2023-03-07 22:01:45 --> Allowed fields must be specified for model: "App\Models\CreateModel"
in SYSTEMPATH\BaseModel.php on line 1242.
 1 SYSTEMPATH\BaseModel.php(1242): CodeIgniter\Database\Exceptions\DataException::forInvalidAllowedFields('App\\Models\\CreateModel')
 2 SYSTEMPATH\BaseModel.php(757): CodeIgniter\BaseModel->doProtectFields([...])
 3 SYSTEMPATH\Model.php(730): CodeIgniter\BaseModel->insert([...], true)
 4 APPPATH\Models\CreateModel.php(20): CodeIgniter\Model->insert([...])
 5 APPPATH\Controllers\Api.php(77): App\Models\CreateModel->insertSecret([...])
 6 SYSTEMPATH\CodeIgniter.php(934): App\Controllers\Api->create()
 7 SYSTEMPATH\CodeIgniter.php(499): CodeIgniter\CodeIgniter->runController(Object(App\Controllers\Api))
 8 SYSTEMPATH\CodeIgniter.php(368): CodeIgniter\CodeIgniter->handleRequest(null, Object(Config\Cache), false)
 9 FCPATH\index.php(67): CodeIgniter\CodeIgniter->run()
CRITICAL - 2023-03-07 22:06:35 --> Allowed fields must be specified for model: "App\Models\CreateModel"
in SYSTEMPATH\BaseModel.php on line 1242.
 1 SYSTEMPATH\BaseModel.php(1242): CodeIgniter\Database\Exceptions\DataException::forInvalidAllowedFields('App\\Models\\CreateModel')
 2 SYSTEMPATH\BaseModel.php(757): CodeIgniter\BaseModel->doProtectFields([...])
 3 SYSTEMPATH\Model.php(730): CodeIgniter\BaseModel->insert([...], true)
 4 APPPATH\Models\CreateModel.php(20): CodeIgniter\Model->insert([...])
 5 APPPATH\Controllers\Api.php(77): App\Models\CreateModel->insertSecret([...])
 6 SYSTEMPATH\CodeIgniter.php(934): App\Controllers\Api->create()
 7 SYSTEMPATH\CodeIgniter.php(499): CodeIgniter\CodeIgniter->runController(Object(App\Controllers\Api))
 8 SYSTEMPATH\CodeIgniter.php(368): CodeIgniter\CodeIgniter->handleRequest(null, Object(Config\Cache), false)
 9 FCPATH\index.php(67): CodeIgniter\CodeIgniter->run()
CRITICAL - 2023-03-07 22:08:31 --> Allowed fields must be specified for model: "App\Models\CreateModel"
in SYSTEMPATH\BaseModel.php on line 1242.
 1 SYSTEMPATH\BaseModel.php(1242): CodeIgniter\Database\Exceptions\DataException::forInvalidAllowedFields('App\\Models\\CreateModel')
 2 SYSTEMPATH\BaseModel.php(757): CodeIgniter\BaseModel->doProtectFields([...])
 3 SYSTEMPATH\Model.php(730): CodeIgniter\BaseModel->insert([...], true)
 4 APPPATH\Models\CreateModel.php(20): CodeIgniter\Model->insert([...])
 5 APPPATH\Controllers\Api.php(78): App\Models\CreateModel->insertSecret([...])
 6 SYSTEMPATH\CodeIgniter.php(934): App\Controllers\Api->create()
 7 SYSTEMPATH\CodeIgniter.php(499): CodeIgniter\CodeIgniter->runController(Object(App\Controllers\Api))
 8 SYSTEMPATH\CodeIgniter.php(368): CodeIgniter\CodeIgniter->handleRequest(null, Object(Config\Cache), false)
 9 FCPATH\index.php(67): CodeIgniter\CodeIgniter->run()
CRITICAL - 2023-03-07 21:14:08 --> Call to undefined method App\Models\CreateModel::getSecretbyHash
in SYSTEMPATH\Model.php on line 842.
 1 APPPATH\Controllers\Api.php(16): CodeIgniter\Model->__call('getSecretbyHash', [...])
 2 SYSTEMPATH\CodeIgniter.php(934): App\Controllers\Api->show('asdasdads')
 3 SYSTEMPATH\CodeIgniter.php(499): CodeIgniter\CodeIgniter->runController(Object(App\Controllers\Api))
 4 SYSTEMPATH\CodeIgniter.php(368): CodeIgniter\CodeIgniter->handleRequest(null, Object(Config\Cache), false)
 5 FCPATH\index.php(67): CodeIgniter\CodeIgniter->run()
CRITICAL - 2023-03-07 21:30:12 --> syntax error, unexpected token "}", expecting ";"
in APPPATH\Controllers\Api.php on line 49.
 1 SYSTEMPATH\Autoloader\Autoloader.php(289): CodeIgniter\Autoloader\Autoloader->includeFile('APPPATH\\Controllers\\Api.php')
 2 SYSTEMPATH\Autoloader\Autoloader.php(267): CodeIgniter\Autoloader\Autoloader->loadInNamespace('App\\Controllers\\Api')
 3 [internal function]: CodeIgniter\Autoloader\Autoloader->loadClass('App\\Controllers\\Api')
 4 SYSTEMPATH\CodeIgniter.php(892): class_exists('\\App\\Controllers\\Api', true)
 5 SYSTEMPATH\CodeIgniter.php(486): CodeIgniter\CodeIgniter->startController()
 6 SYSTEMPATH\CodeIgniter.php(368): CodeIgniter\CodeIgniter->handleRequest(null, Object(Config\Cache), false)
 7 FCPATH\index.php(67): CodeIgniter\CodeIgniter->run()
CRITICAL - 2023-03-07 22:30:49 --> Undefined array key "expireAfterViews"
in APPPATH\Models\CreateModel.php on line 37.
 1 APPPATH\Models\CreateModel.php(37): CodeIgniter\Debug\Exceptions->errorHandler(2, 'Undefined array key "expireAfterViews"', 'APPPATH\\Models\\CreateModel.php', 37)
 2 APPPATH\Controllers\Api.php(16): App\Models\CreateModel->getSecretbyHash('4e37d6f95abe13dfdd2b5163364157a247e53f42ebc3b5b7dca62fd1e787df88')
 3 SYSTEMPATH\CodeIgniter.php(934): App\Controllers\Api->show('4e37d6f95abe13dfdd2b5163364157a247e53f42ebc3b5b7dca62fd1e787df88')
 4 SYSTEMPATH\CodeIgniter.php(499): CodeIgniter\CodeIgniter->runController(Object(App\Controllers\Api))
 5 SYSTEMPATH\CodeIgniter.php(368): CodeIgniter\CodeIgniter->handleRequest(null, Object(Config\Cache), false)
 6 FCPATH\index.php(67): CodeIgniter\CodeIgniter->run()
CRITICAL - 2023-03-07 22:31:35 --> Undefined array key "remainingViews"
in APPPATH\Models\CreateModel.php on line 37.
 1 APPPATH\Models\CreateModel.php(37): CodeIgniter\Debug\Exceptions->errorHandler(2, 'Undefined array key "remainingViews"', 'APPPATH\\Models\\CreateModel.php', 37)
 2 APPPATH\Controllers\Api.php(16): App\Models\CreateModel->getSecretbyHash('4e37d6f95abe13dfdd2b5163364157a247e53f42ebc3b5b7dca62fd1e787df88')
 3 SYSTEMPATH\CodeIgniter.php(934): App\Controllers\Api->show('4e37d6f95abe13dfdd2b5163364157a247e53f42ebc3b5b7dca62fd1e787df88')
 4 SYSTEMPATH\CodeIgniter.php(499): CodeIgniter\CodeIgniter->runController(Object(App\Controllers\Api))
 5 SYSTEMPATH\CodeIgniter.php(368): CodeIgniter\CodeIgniter->handleRequest(null, Object(Config\Cache), false)
 6 FCPATH\index.php(67): CodeIgniter\CodeIgniter->run()
CRITICAL - 2023-03-07 22:31:51 --> Undefined array key "remainingViews"
in APPPATH\Models\CreateModel.php on line 37.
 1 APPPATH\Models\CreateModel.php(37): CodeIgniter\Debug\Exceptions->errorHandler(2, 'Undefined array key "remainingViews"', 'APPPATH\\Models\\CreateModel.php', 37)
 2 APPPATH\Controllers\Api.php(16): App\Models\CreateModel->getSecretbyHash('4e37d6f95abe13dfdd2b5163364157a247e53f42ebc3b5b7dca62fd1e787df88')
 3 SYSTEMPATH\CodeIgniter.php(934): App\Controllers\Api->show('4e37d6f95abe13dfdd2b5163364157a247e53f42ebc3b5b7dca62fd1e787df88')
 4 SYSTEMPATH\CodeIgniter.php(499): CodeIgniter\CodeIgniter->runController(Object(App\Controllers\Api))
 5 SYSTEMPATH\CodeIgniter.php(368): CodeIgniter\CodeIgniter->handleRequest(null, Object(Config\Cache), false)
 6 FCPATH\index.php(67): CodeIgniter\CodeIgniter->run()
CRITICAL - 2023-03-07 22:32:09 --> Undefined array key "remainingViews"
in APPPATH\Models\CreateModel.php on line 37.
 1 APPPATH\Models\CreateModel.php(37): CodeIgniter\Debug\Exceptions->errorHandler(2, 'Undefined array key "remainingViews"', 'APPPATH\\Models\\CreateModel.php', 37)
 2 APPPATH\Controllers\Api.php(16): App\Models\CreateModel->getSecretbyHash('4e37d6f95abe13dfdd2b5163364157a247e53f42ebc3b5b7dca62fd1e787df88')
 3 SYSTEMPATH\CodeIgniter.php(934): App\Controllers\Api->show('4e37d6f95abe13dfdd2b5163364157a247e53f42ebc3b5b7dca62fd1e787df88')
 4 SYSTEMPATH\CodeIgniter.php(499): CodeIgniter\CodeIgniter->runController(Object(App\Controllers\Api))
 5 SYSTEMPATH\CodeIgniter.php(368): CodeIgniter\CodeIgniter->handleRequest(null, Object(Config\Cache), false)
 6 FCPATH\index.php(67): CodeIgniter\CodeIgniter->run()
CRITICAL - 2023-03-07 22:32:23 --> Undefined array key "remainingViews"
in APPPATH\Models\CreateModel.php on line 37.
 1 APPPATH\Models\CreateModel.php(37): CodeIgniter\Debug\Exceptions->errorHandler(2, 'Undefined array key "remainingViews"', 'APPPATH\\Models\\CreateModel.php', 37)
 2 APPPATH\Controllers\Api.php(16): App\Models\CreateModel->getSecretbyHash('4e37d6f95abe13dfdd2b5163364157a247e53f42ebc3b5b7dca62fd1e787df88')
 3 SYSTEMPATH\CodeIgniter.php(934): App\Controllers\Api->show('4e37d6f95abe13dfdd2b5163364157a247e53f42ebc3b5b7dca62fd1e787df88')
 4 SYSTEMPATH\CodeIgniter.php(499): CodeIgniter\CodeIgniter->runController(Object(App\Controllers\Api))
 5 SYSTEMPATH\CodeIgniter.php(368): CodeIgniter\CodeIgniter->handleRequest(null, Object(Config\Cache), false)
 6 FCPATH\index.php(67): CodeIgniter\CodeIgniter->run()
CRITICAL - 2023-03-07 22:34:57 --> Undefined array key "data"
in APPPATH\Controllers\Api.php on line 48.
 1 APPPATH\Controllers\Api.php(48): CodeIgniter\Debug\Exceptions->errorHandler(2, 'Undefined array key "data"', 'APPPATH\\Controllers\\Api.php', 48)
 2 SYSTEMPATH\CodeIgniter.php(934): App\Controllers\Api->show('b3e9eb20890b9296a5753e4052560c173dcab937a890bb35ff84439194a2626f')
 3 SYSTEMPATH\CodeIgniter.php(499): CodeIgniter\CodeIgniter->runController(Object(App\Controllers\Api))
 4 SYSTEMPATH\CodeIgniter.php(368): CodeIgniter\CodeIgniter->handleRequest(null, Object(Config\Cache), false)
 5 FCPATH\index.php(67): CodeIgniter\CodeIgniter->run()
CRITICAL - 2023-03-07 22:36:08 --> Undefined array key 0
in APPPATH\Models\CreateModel.php on line 49.
 1 APPPATH\Models\CreateModel.php(49): CodeIgniter\Debug\Exceptions->errorHandler(2, 'Undefined array key 0', 'APPPATH\\Models\\CreateModel.php', 49)
 2 APPPATH\Controllers\Api.php(16): App\Models\CreateModel->getSecretbyHash('b3e9eb20890b9296a5753e4052560c173dcab937a890bb35ff84439194a2626f')
 3 SYSTEMPATH\CodeIgniter.php(934): App\Controllers\Api->show('b3e9eb20890b9296a5753e4052560c173dcab937a890bb35ff84439194a2626f')
 4 SYSTEMPATH\CodeIgniter.php(499): CodeIgniter\CodeIgniter->runController(Object(App\Controllers\Api))
 5 SYSTEMPATH\CodeIgniter.php(368): CodeIgniter\CodeIgniter->handleRequest(null, Object(Config\Cache), false)
 6 FCPATH\index.php(67): CodeIgniter\CodeIgniter->run()
